2025-04-16 23:06:15,410 - INFO - Logging initialized. Log file: logs/train.log
2025-04-16 23:27:53,514 - INFO - Logging initialized. Log file: logs/train.log
2025-04-16 23:27:59,805 - INFO - start training...
2025-04-16 23:28:00,678 - INFO - Epoch 1, Loss: 89.3286
2025-04-16 23:28:00,683 - INFO - Epoch 1/500, Acc: 34.17%
2025-04-16 23:28:00,684 - INFO - new best model saved! acc: 34.17%
2025-04-16 23:28:00,724 - INFO - Epoch 2, Loss: 33.4886
2025-04-16 23:28:00,729 - INFO - Epoch 2/500, Acc: 33.33%
2025-04-16 23:28:00,771 - INFO - Epoch 3, Loss: 23.4270
2025-04-16 23:28:00,775 - INFO - Epoch 3/500, Acc: 46.67%
2025-04-16 23:28:00,776 - INFO - new best model saved! acc: 46.67%
2025-04-16 23:28:00,814 - INFO - Epoch 4, Loss: 22.3482
2025-04-16 23:28:00,818 - INFO - Epoch 4/500, Acc: 49.17%
2025-04-16 23:28:00,819 - INFO - new best model saved! acc: 49.17%
2025-04-16 23:28:00,857 - INFO - Epoch 5, Loss: 21.9368
2025-04-16 23:28:00,861 - INFO - Epoch 5/500, Acc: 48.33%
2025-04-16 23:28:00,902 - INFO - Epoch 6, Loss: 21.4867
2025-04-16 23:28:00,907 - INFO - Epoch 6/500, Acc: 49.17%
2025-04-16 23:28:00,951 - INFO - Epoch 7, Loss: 21.4053
2025-04-16 23:28:00,955 - INFO - Epoch 7/500, Acc: 49.17%
2025-04-16 23:28:00,992 - INFO - Epoch 8, Loss: 20.9762
2025-04-16 23:28:00,996 - INFO - Epoch 8/500, Acc: 50.83%
2025-04-16 23:28:00,997 - INFO - new best model saved! acc: 50.83%
2025-04-16 23:28:01,035 - INFO - Epoch 9, Loss: 20.8398
2025-04-16 23:28:01,039 - INFO - Epoch 9/500, Acc: 43.33%
2025-04-16 23:28:01,078 - INFO - Epoch 10, Loss: 21.4223
2025-04-16 23:28:01,083 - INFO - Epoch 10/500, Acc: 50.83%
2025-04-16 23:28:01,127 - INFO - Epoch 11, Loss: 20.7275
2025-04-16 23:28:01,131 - INFO - Epoch 11/500, Acc: 51.67%
2025-04-16 23:28:01,132 - INFO - new best model saved! acc: 51.67%
2025-04-16 23:28:01,174 - INFO - Epoch 12, Loss: 20.4360
2025-04-16 23:28:01,178 - INFO - Epoch 12/500, Acc: 45.00%
2025-04-16 23:28:01,220 - INFO - Epoch 13, Loss: 19.9600
2025-04-16 23:28:01,224 - INFO - Epoch 13/500, Acc: 42.50%
2025-04-16 23:28:01,262 - INFO - Epoch 14, Loss: 20.0476
2025-04-16 23:28:01,266 - INFO - Epoch 14/500, Acc: 50.00%
2025-04-16 23:28:01,308 - INFO - Epoch 15, Loss: 20.2773
2025-04-16 23:28:01,313 - INFO - Epoch 15/500, Acc: 55.00%
2025-04-16 23:28:01,314 - INFO - new best model saved! acc: 55.00%
2025-04-16 23:28:01,353 - INFO - Epoch 16, Loss: 19.6439
2025-04-16 23:28:01,357 - INFO - Epoch 16/500, Acc: 45.00%
2025-04-16 23:28:01,400 - INFO - Epoch 17, Loss: 19.5735
2025-04-16 23:28:01,404 - INFO - Epoch 17/500, Acc: 44.17%
2025-04-16 23:28:01,445 - INFO - Epoch 18, Loss: 19.7540
2025-04-16 23:28:01,449 - INFO - Epoch 18/500, Acc: 56.67%
2025-04-16 23:28:01,451 - INFO - new best model saved! acc: 56.67%
2025-04-16 23:28:01,488 - INFO - Epoch 19, Loss: 19.2601
2025-04-16 23:28:01,493 - INFO - Epoch 19/500, Acc: 54.17%
2025-04-16 23:28:01,529 - INFO - Epoch 20, Loss: 19.3707
2025-04-16 23:28:01,533 - INFO - Epoch 20/500, Acc: 48.33%
2025-04-16 23:28:01,572 - INFO - Epoch 21, Loss: 19.8666
2025-04-16 23:28:01,577 - INFO - Epoch 21/500, Acc: 51.67%
2025-04-16 23:28:01,619 - INFO - Epoch 22, Loss: 19.2202
2025-04-16 23:28:01,623 - INFO - Epoch 22/500, Acc: 57.50%
2025-04-16 23:28:01,624 - INFO - new best model saved! acc: 57.50%
2025-04-16 23:28:01,668 - INFO - Epoch 23, Loss: 18.6198
2025-04-16 23:28:01,671 - INFO - Epoch 23/500, Acc: 50.83%
2025-04-16 23:28:01,709 - INFO - Epoch 24, Loss: 19.4763
2025-04-16 23:28:01,715 - INFO - Epoch 24/500, Acc: 52.50%
2025-04-16 23:28:01,754 - INFO - Epoch 25, Loss: 18.6484
2025-04-16 23:28:01,758 - INFO - Epoch 25/500, Acc: 55.00%
2025-04-16 23:28:01,800 - INFO - Epoch 26, Loss: 18.9090
2025-04-16 23:28:01,804 - INFO - Epoch 26/500, Acc: 49.17%
2025-04-16 23:28:01,855 - INFO - Epoch 27, Loss: 18.4896
2025-04-16 23:28:01,859 - INFO - Epoch 27/500, Acc: 55.83%
2025-04-17 00:23:47,642 - INFO - Logging initialized. Log file: logs/train.log
2025-04-17 00:23:47,642 - INFO - Logging initialized. Log file: logs/train.log
2025-04-17 11:04:49,191 - INFO - Logging initialized. Log file: logs/train.log
2025-04-17 11:04:49,193 - INFO - Logging initialized. Log file: logs/train.log
2025-04-17 11:13:41,524 - INFO - Logging initialized. Log file: logs/train.log
2025-04-17 11:14:47,584 - INFO - Logging initialized. Log file: logs/train.log
2025-04-17 11:14:47,584 - INFO - start training...
2025-04-17 11:14:50,946 - INFO - Epoch 1, Loss: 170.1489
2025-04-17 11:14:50,953 - INFO - Epoch 1/500, Acc: 28.33%
2025-04-17 11:14:50,955 - INFO - new best model saved! acc: 28.33%
2025-04-17 11:14:51,010 - INFO - Epoch 2, Loss: 64.2417
2025-04-17 11:14:51,014 - INFO - Epoch 2/500, Acc: 20.83%
2025-04-17 11:14:51,051 - INFO - Epoch 3, Loss: 26.3134
2025-04-17 11:14:51,054 - INFO - Epoch 3/500, Acc: 28.33%
2025-04-17 11:14:51,091 - INFO - Epoch 4, Loss: 24.1349
2025-04-17 11:14:51,094 - INFO - Epoch 4/500, Acc: 30.83%
2025-04-17 11:14:51,095 - INFO - new best model saved! acc: 30.83%
2025-04-17 11:14:51,131 - INFO - Epoch 5, Loss: 23.6184
2025-04-17 11:14:51,134 - INFO - Epoch 5/500, Acc: 35.00%
2025-04-17 11:14:51,135 - INFO - new best model saved! acc: 35.00%
2025-04-17 11:14:51,173 - INFO - Epoch 6, Loss: 23.4685
2025-04-17 11:14:51,178 - INFO - Epoch 6/500, Acc: 18.33%
2025-04-17 11:14:51,218 - INFO - Epoch 7, Loss: 23.1572
2025-04-17 11:14:51,222 - INFO - Epoch 7/500, Acc: 45.00%
2025-04-17 11:14:51,223 - INFO - new best model saved! acc: 45.00%
2025-04-17 11:14:51,259 - INFO - Epoch 8, Loss: 22.6609
2025-04-17 11:14:51,263 - INFO - Epoch 8/500, Acc: 42.50%
2025-04-17 11:14:51,301 - INFO - Epoch 9, Loss: 22.6849
2025-04-17 11:14:51,305 - INFO - Epoch 9/500, Acc: 44.17%
2025-04-17 11:14:51,341 - INFO - Epoch 10, Loss: 22.0812
2025-04-17 11:14:51,344 - INFO - Epoch 10/500, Acc: 32.50%
2025-04-17 11:14:51,382 - INFO - Epoch 11, Loss: 22.0058
2025-04-17 11:14:51,386 - INFO - Epoch 11/500, Acc: 37.50%
2025-04-17 11:14:51,427 - INFO - Epoch 12, Loss: 21.8995
2025-04-17 11:14:51,431 - INFO - Epoch 12/500, Acc: 45.00%
2025-04-17 11:14:51,472 - INFO - Epoch 13, Loss: 21.3644
2025-04-17 11:14:51,477 - INFO - Epoch 13/500, Acc: 47.50%
2025-04-17 11:14:51,478 - INFO - new best model saved! acc: 47.50%
2025-04-17 11:14:51,514 - INFO - Epoch 14, Loss: 21.6698
2025-04-17 11:14:51,518 - INFO - Epoch 14/500, Acc: 40.83%
2025-04-17 11:14:51,558 - INFO - Epoch 15, Loss: 21.7601
2025-04-17 11:14:51,563 - INFO - Epoch 15/500, Acc: 48.33%
2025-04-17 11:14:51,564 - INFO - new best model saved! acc: 48.33%
2025-04-17 11:14:51,601 - INFO - Epoch 16, Loss: 21.5962
2025-04-17 11:14:51,605 - INFO - Epoch 16/500, Acc: 51.67%
2025-04-17 11:14:51,606 - INFO - new best model saved! acc: 51.67%
2025-04-17 11:14:51,649 - INFO - Epoch 17, Loss: 21.6558
2025-04-17 11:14:51,653 - INFO - Epoch 17/500, Acc: 43.33%
2025-04-17 11:14:51,696 - INFO - Epoch 18, Loss: 21.4136
2025-04-17 11:14:51,700 - INFO - Epoch 18/500, Acc: 45.83%
2025-04-17 11:14:51,739 - INFO - Epoch 19, Loss: 21.2375
2025-04-17 11:14:51,743 - INFO - Epoch 19/500, Acc: 48.33%
2025-04-17 11:14:51,781 - INFO - Epoch 20, Loss: 21.3417
2025-04-17 11:14:51,785 - INFO - Epoch 20/500, Acc: 52.50%
2025-04-17 11:14:51,787 - INFO - new best model saved! acc: 52.50%
2025-04-17 11:14:51,830 - INFO - Epoch 21, Loss: 20.7548
2025-04-17 11:14:51,834 - INFO - Epoch 21/500, Acc: 37.50%
2025-04-17 11:14:51,881 - INFO - Epoch 22, Loss: 20.6772
2025-04-17 11:14:51,884 - INFO - Epoch 22/500, Acc: 45.00%
2025-04-17 11:14:51,925 - INFO - Epoch 23, Loss: 20.2547
2025-04-17 11:14:51,929 - INFO - Epoch 23/500, Acc: 45.00%
2025-04-17 11:14:51,964 - INFO - Epoch 24, Loss: 20.2845
2025-04-17 11:14:51,968 - INFO - Epoch 24/500, Acc: 54.17%
2025-04-17 11:14:51,970 - INFO - new best model saved! acc: 54.17%
2025-04-17 11:14:52,005 - INFO - Epoch 25, Loss: 20.5215
2025-04-17 11:14:52,009 - INFO - Epoch 25/500, Acc: 51.67%
2025-04-17 11:14:52,054 - INFO - Epoch 26, Loss: 20.5336
2025-04-17 11:14:52,059 - INFO - Epoch 26/500, Acc: 49.17%
2025-04-17 11:14:52,100 - INFO - Epoch 27, Loss: 19.9654
2025-04-17 11:14:52,103 - INFO - Epoch 27/500, Acc: 40.83%
2025-04-17 11:14:52,144 - INFO - Epoch 28, Loss: 20.4138
2025-04-17 11:14:52,148 - INFO - Epoch 28/500, Acc: 50.83%
2025-04-17 11:14:52,183 - INFO - Epoch 29, Loss: 19.7225
2025-04-17 11:14:52,188 - INFO - Epoch 29/500, Acc: 44.17%
2025-04-17 11:14:52,223 - INFO - Epoch 30, Loss: 20.0845
2025-04-17 11:14:52,226 - INFO - Epoch 30/500, Acc: 42.50%
2025-04-17 11:14:52,264 - INFO - Epoch 31, Loss: 20.5124
2025-04-17 11:14:52,268 - INFO - Epoch 31/500, Acc: 50.83%
2025-04-17 11:14:52,311 - INFO - Epoch 32, Loss: 20.1453
2025-04-17 11:14:52,315 - INFO - Epoch 32/500, Acc: 53.33%
2025-04-17 11:14:52,355 - INFO - Epoch 33, Loss: 20.0893
2025-04-17 11:14:52,358 - INFO - Epoch 33/500, Acc: 46.67%
2025-04-17 11:14:52,399 - INFO - Epoch 34, Loss: 19.9414
2025-04-17 11:14:52,403 - INFO - Epoch 34/500, Acc: 55.83%
2025-04-17 11:14:52,404 - INFO - new best model saved! acc: 55.83%
2025-04-17 11:14:52,443 - INFO - Epoch 35, Loss: 19.6391
2025-04-17 11:14:52,446 - INFO - Epoch 35/500, Acc: 45.00%
2025-04-17 11:14:52,485 - INFO - Epoch 36, Loss: 19.5639
2025-04-17 11:14:52,490 - INFO - Epoch 36/500, Acc: 49.17%
2025-04-17 11:14:52,536 - INFO - Epoch 37, Loss: 19.9740
2025-04-17 11:14:52,540 - INFO - Epoch 37/500, Acc: 53.33%
